\BOOKMARK [0][-]{chapter.1}{Higgs Searches \(Hb\)}{}% 1
\BOOKMARK [1][-]{section.1.1}{Introduction}{chapter.1}% 2
\BOOKMARK [2][-]{subsection.1.1.1}{Simulation}{section.1.1}% 3
\BOOKMARK [2][-]{subsection.1.1.2}{The ATLAS Detector}{section.1.1}% 4
\BOOKMARK [1][-]{section.1.2}{The Standard Model VHb + ll/l/ Decay Channel }{chapter.1}% 5
\BOOKMARK [2][-]{subsection.1.2.1}{Variable R Jets}{section.1.2}% 6
\BOOKMARK [2][-]{subsection.1.2.2}{My contribution}{section.1.2}% 7
\BOOKMARK [1][-]{section.1.3}{Beyond the Standard Model and VHb+ll/l//qq}{chapter.1}% 8
\BOOKMARK [2][-]{subsection.1.3.1}{Cut Optimisation and Significance}{section.1.3}% 9
\BOOKMARK [2][-]{subsection.1.3.2}{My contribution}{section.1.3}% 10
\BOOKMARK [1][-]{section.1.4}{The Standard Model}{chapter.1}% 11
\BOOKMARK [1][-]{section.1.5}{Exotic Searches}{chapter.1}% 12
\BOOKMARK [2][-]{subsection.1.5.1}{VH Analysis specific}{section.1.5}% 13
\BOOKMARK [1][-]{section.1.6}{MVA}{chapter.1}% 14
\BOOKMARK [2][-]{subsection.1.6.1}{My Contribution}{section.1.6}% 15
\BOOKMARK [1][-]{section.1.7}{Statistical modelling}{chapter.1}% 16
\BOOKMARK [2][-]{subsection.1.7.1}{Conceptual view of probability}{section.1.7}% 17
\BOOKMARK [2][-]{subsection.1.7.2}{Modelling Systematic Uncertainties}{section.1.7}% 18
\BOOKMARK [1][-]{section.1.8}{Resonance Finder}{chapter.1}% 19
\BOOKMARK [1][-]{section.1.9}{VH Analysis specific Systematic Uncertainties}{chapter.1}% 20
\BOOKMARK [2][-]{subsection.1.9.1}{My Contribution}{section.1.9}% 21
\BOOKMARK [0][-]{chapter.2}{The integration of the General Broken Lines fitting algorithm into EUTelescope.}{}% 22
\BOOKMARK [1][-]{subsection.2.0.2}{The triplet finder}{chapter.2}% 23
\BOOKMARK [2][-]{subsection.2.0.3}{Creating a link between all points}{subsection.2.0.2}% 24
\BOOKMARK [2][-]{subsection.2.0.4}{Propagation from Global to Measurement Frame}{subsection.2.0.2}% 25
\BOOKMARK [2][-]{subsection.2.0.5}{EUTelelecope}{subsection.2.0.2}% 26
\BOOKMARK [2][-]{subsection.2.0.6}{Pattern Recognition, Track Fitting and Alignment}{subsection.2.0.2}% 27
\BOOKMARK [2][-]{subsection.2.0.7}{General Broken Lines \(GBL\) and EUTelescope}{subsection.2.0.2}% 28
\BOOKMARK [1][-]{section.2.1}{My contribution}{chapter.2}% 29
\BOOKMARK [2][-]{subsection.2.1.1}{Upgrade sensors}{section.2.1}% 30
\BOOKMARK [2][-]{subsection.2.1.2}{Track Fitting}{section.2.1}% 31
\BOOKMARK [2][-]{subsection.2.1.3}{ATLAS ITK Upgrade}{section.2.1}% 32
\BOOKMARK [2][-]{subsection.2.1.4}{Prototypes}{section.2.1}% 33
\BOOKMARK [2][-]{subsection.2.1.5}{Radial Strips}{section.2.1}% 34
\BOOKMARK [1][-]{section.2.2}{The five fold way}{chapter.2}% 35
\BOOKMARK [2][-]{subsection.2.2.1}{Linking trajectory points}{section.2.2}% 36
\BOOKMARK [2][-]{subsection.2.2.2}{Add measurement information to points}{section.2.2}% 37
\BOOKMARK [2][-]{subsection.2.2.3}{Add scattering information}{section.2.2}% 38
\BOOKMARK [2][-]{subsection.2.2.4}{Add global parameters}{section.2.2}% 39
\BOOKMARK [2][-]{subsection.2.2.5}{Add local parameters}{section.2.2}% 40
\BOOKMARK [0][-]{chapter.3}{Further Work }{}% 41
\BOOKMARK [1][-]{section.3.1}{Alignment Studies}{chapter.3}% 42
\BOOKMARK [1][-]{section.3.2}{Resonance Searches}{chapter.3}% 43
\BOOKMARK [2][-]{subsection.Alph0.0.1}{Gantt Chart}{section.3.2}% 44
\BOOKMARK [0][-]{appendix.A}{Guide to Resonance Search}{}% 45
\BOOKMARK [1][-]{section.A.1}{Introduction}{appendix.A}% 46
\BOOKMARK [1][-]{section.A.2}{Theory and past searches}{appendix.A}% 47
\BOOKMARK [1][-]{section.A.3}{Data and MC samples}{appendix.A}% 48
\BOOKMARK [1][-]{section.A.4}{Triggers}{appendix.A}% 49
\BOOKMARK [1][-]{section.A.5}{Selection}{appendix.A}% 50
\BOOKMARK [1][-]{section.A.6}{Multijet}{appendix.A}% 51
\BOOKMARK [1][-]{section.A.7}{Nuisance Check update \(NP Pruning\)}{appendix.A}% 52
\BOOKMARK [1][-]{section.A.8}{CMake Introduction\)}{appendix.A}% 53
\BOOKMARK [1][-]{section.A.9}{CxAODMaker}{appendix.A}% 54
\BOOKMARK [1][-]{section.A.10}{Abbreviations}{appendix.A}% 55
